2025-01-03 07:25:08,997 - INFO - Server started at ws://10.0.0.5:8000
2025-01-03 07:25:20,600 - INFO - Routing message on channel: Question
2025-01-03 07:25:28,183 - INFO - Routing message on channel: ImageStreaming
2025-01-03 07:25:28,216 - INFO - Image saved successfully
2025-01-03 07:25:28,216 - INFO - Image processing completed successfully
2025-01-03 07:25:28,216 - INFO - Processing field: TYPE OF MILK
2025-01-03 07:25:29,107 - INFO - Milk detection result: FCM
2025-01-03 07:25:29,107 - INFO - Valid result detected: FCM
2025-01-03 07:25:29,107 - INFO - Current question or fieldValue not properly initialized
2025-01-03 07:25:29,107 - INFO - Result detected: FCM
2025-01-03 07:25:29,107 - INFO - Field TYPE OF MILK processed with result: FCM
2025-01-03 07:25:29,107 - INFO - Successfully sent message to Unity on channel Result
2025-01-03 07:25:30,279 - INFO - Routing message on channel: ImageStreaming
2025-01-03 07:25:30,326 - INFO - Image saved successfully
2025-01-03 07:25:30,326 - INFO - Image processing completed successfully
2025-01-03 07:25:34,375 - INFO - Routing message on channel: Question
2025-01-03 07:25:34,375 - INFO - Processing field: TYPE OF MILK
2025-01-03 07:25:34,882 - INFO - Milk detection result: SM
2025-01-03 07:25:34,882 - INFO - Valid result detected: SM
2025-01-03 07:25:34,882 - INFO - Current question or fieldValue not properly initialized
2025-01-03 07:25:34,882 - INFO - Result detected: SM
2025-01-03 07:25:34,882 - INFO - Field TYPE OF MILK processed with result: SM
2025-01-03 07:25:34,882 - INFO - Successfully sent message to Unity on channel Result
2025-01-03 07:25:53,436 - INFO - Routing message on channel: Question
2025-01-03 07:25:58,630 - INFO - Routing message on channel: ImageStreaming
2025-01-03 07:25:58,661 - INFO - Image saved successfully
2025-01-03 07:25:58,661 - INFO - Image processing completed successfully
2025-01-03 07:25:58,661 - INFO - Processing field: TYPE OF MILK
2025-01-03 07:25:59,186 - INFO - Milk detection result: FCM
2025-01-03 07:25:59,186 - INFO - Valid result detected: FCM
2025-01-03 07:25:59,186 - INFO - Current question or fieldValue not properly initialized
2025-01-03 07:25:59,186 - INFO - Result detected: FCM
2025-01-03 07:25:59,186 - INFO - Field TYPE OF MILK processed with result: FCM
2025-01-03 07:25:59,186 - INFO - Successfully sent message to Unity on channel Result
2025-01-03 07:26:18,863 - INFO - Routing message on channel: Question
2025-01-03 07:26:28,033 - INFO - Routing message on channel: ImageStreaming
2025-01-03 07:26:28,064 - INFO - Image saved successfully
2025-01-03 07:26:28,064 - INFO - Image processing completed successfully
2025-01-03 07:26:28,064 - INFO - Processing field: SKU
2025-01-03 07:26:31,796 - INFO - Routing message on channel: Question
2025-01-03 07:26:35,779 - INFO - Routing message on channel: ImageStreaming
2025-01-03 07:26:35,857 - INFO - Image saved successfully
2025-01-03 07:26:35,857 - INFO - Image processing completed successfully
2025-01-03 07:26:35,857 - INFO - Processing field: SKU
2025-01-03 07:27:05,342 - INFO - Result detected: 1000
2025-01-03 07:27:05,342 - INFO - Field SKU processed with result: 1000
2025-01-03 07:27:05,342 - INFO - Successfully sent message to Unity on channel Result
2025-01-03 07:27:12,768 - INFO - Field SKU processed with result: None
2025-01-03 07:27:12,768 - INFO - No result found for field: SKU
2025-01-03 07:27:12,768 - INFO - Successfully sent message to Unity on channel Error
2025-01-03 07:28:20,621 - INFO - Routing message on channel: Question
2025-01-03 07:28:27,187 - INFO - Routing message on channel: ImageStreaming
2025-01-03 07:28:27,213 - INFO - Image saved successfully
2025-01-03 07:28:27,213 - INFO - Image processing completed successfully
2025-01-03 07:28:27,218 - INFO - Processing field: TYPE OF LEAK
2025-01-03 07:28:30,593 - INFO - Result detected: Horizontal
2025-01-03 07:28:30,593 - INFO - Field TYPE OF LEAK processed with result: Horizontal
2025-01-03 07:28:30,593 - INFO - Successfully sent message to Unity on channel Result
2025-01-03 07:28:30,671 - INFO - Routing message on channel: ImageStreaming
2025-01-03 07:28:30,718 - INFO - Image saved successfully
2025-01-03 07:28:30,718 - INFO - Image processing completed successfully
2025-01-03 07:28:34,765 - INFO - Routing message on channel: Question
2025-01-03 07:28:34,765 - INFO - Processing field: TYPE OF LEAK
2025-01-03 07:28:37,156 - INFO - Result detected: Horizontal
2025-01-03 07:28:37,156 - INFO - Field TYPE OF LEAK processed with result: Horizontal
2025-01-03 07:28:37,156 - INFO - Successfully sent message to Unity on channel Result
2025-01-03 07:28:43,935 - INFO - Routing message on channel: Question
2025-01-03 07:28:47,874 - INFO - Routing message on channel: ImageStreaming
2025-01-03 07:28:47,905 - INFO - Image saved successfully
2025-01-03 07:28:47,905 - INFO - Image processing completed successfully
2025-01-03 07:28:47,905 - INFO - Processing field: TYPE OF LEAK
2025-01-03 07:28:49,624 - INFO - Field TYPE OF LEAK processed with result: None
2025-01-03 07:28:49,624 - INFO - No result found for field: TYPE OF LEAK
2025-01-03 07:28:49,624 - INFO - Successfully sent message to Unity on channel Error
2025-01-03 07:28:52,503 - INFO - Routing message on channel: ImageStreaming
2025-01-03 07:28:52,535 - INFO - Image saved successfully
2025-01-03 07:28:52,535 - INFO - Image processing completed successfully
2025-01-03 07:29:05,652 - INFO - Routing message on channel: Question
2025-01-03 07:29:05,652 - INFO - Processing field: TYPE OF LEAK
2025-01-03 07:29:08,046 - INFO - Result detected: Pin Hole
2025-01-03 07:29:08,046 - INFO - Field TYPE OF LEAK processed with result: Pin Hole
2025-01-03 07:29:08,046 - INFO - Successfully sent message to Unity on channel Result
2025-01-03 07:29:11,533 - INFO - Routing message on channel: Question
2025-01-03 07:29:19,445 - INFO - Routing message on channel: Question
2025-01-03 07:29:29,149 - INFO - Routing message on channel: Question
2025-01-03 07:29:33,796 - INFO - Routing message on channel: ImageStreaming
2025-01-03 07:29:33,828 - INFO - Image saved successfully
2025-01-03 07:29:33,828 - INFO - Image processing completed successfully
2025-01-03 07:29:33,828 - INFO - Processing field: TYPE OF LEAK
2025-01-03 07:29:36,624 - INFO - Result detected: Horizontal
2025-01-03 07:29:36,624 - INFO - Field TYPE OF LEAK processed with result: Horizontal
2025-01-03 07:29:36,624 - INFO - Successfully sent message to Unity on channel Result
2025-01-03 07:29:36,624 - INFO - Processing field: TYPE OF LEAK
2025-01-03 07:29:38,999 - INFO - Result detected: Horizontal
2025-01-03 07:29:38,999 - INFO - Field TYPE OF LEAK processed with result: Horizontal
2025-01-03 07:29:38,999 - INFO - Successfully sent message to Unity on channel Result
2025-01-03 07:29:38,999 - INFO - Processing field: TYPE OF LEAK
2025-01-03 07:29:41,375 - INFO - Result detected: Horizontal
2025-01-03 07:29:41,375 - INFO - Field TYPE OF LEAK processed with result: Horizontal
2025-01-03 07:29:41,375 - INFO - Successfully sent message to Unity on channel Result
2025-01-03 07:30:33,805 - INFO - Connection closed.
2025-01-03 07:30:33,813 - INFO - Connection closed.
