2025-01-01 12:22:07,626 - INFO - Server started at ws://10.0.0.5:8000
2025-01-01 12:22:27,237 - INFO - Routing message on channel: Question
2025-01-01 12:22:29,454 - INFO - Routing message on channel: ImageStreaming
2025-01-01 12:22:29,485 - INFO - Image saved successfully
2025-01-01 12:22:29,485 - INFO - Image processing completed successfully
2025-01-01 12:22:29,485 - INFO - Processing field: TYPE OF MILK
2025-01-01 12:22:30,345 - INFO - Field TYPE OF MILK processed with result: None
2025-01-01 12:22:30,345 - INFO - No result found for field: TYPE OF MILK
2025-01-01 12:22:30,345 - INFO - Successfully sent message to Unity on channel Error
2025-01-01 12:23:40,758 - INFO - Routing message on channel: Question
2025-01-01 12:23:40,821 - INFO - Routing message on channel: ImageStreaming
2025-01-01 12:23:40,837 - INFO - Image saved successfully
2025-01-01 12:23:40,837 - INFO - Image processing completed successfully
2025-01-01 12:23:40,837 - INFO - Processing field: TYPE OF MILK
2025-01-01 12:23:40,900 - INFO - Routing message on channel: ImageStreaming
2025-01-01 12:23:40,932 - INFO - Image saved successfully
2025-01-01 12:23:40,932 - INFO - Image processing completed successfully
2025-01-01 12:23:40,947 - INFO - Routing message on channel: Question
2025-01-01 12:23:40,947 - INFO - Processing field: TYPE OF MILK
2025-01-01 12:23:41,027 - INFO - Routing message on channel: ImageStreaming
2025-01-01 12:23:41,090 - INFO - Image saved successfully
2025-01-01 12:23:41,090 - INFO - Image processing completed successfully
2025-01-01 12:23:41,174 - INFO - Routing message on channel: ImageStreaming
2025-01-01 12:23:41,236 - INFO - Image saved successfully
2025-01-01 12:23:41,236 - INFO - Image processing completed successfully
2025-01-01 12:23:41,268 - INFO - Connection closed.
2025-01-01 12:23:41,280 - INFO - Connection closed.
