2025-01-03 18:44:55,120 - INFO - Server started at ws://10.0.0.5:8000
2025-01-03 18:45:03,814 - INFO - Routing message on channel: Question
2025-01-03 18:45:15,143 - INFO - Routing message on channel: ImageStreaming
2025-01-03 18:45:15,174 - INFO - Image saved successfully
2025-01-03 18:45:15,174 - INFO - Image processing completed successfully
2025-01-03 18:45:15,174 - INFO - Processing field: SKU
2025-01-03 18:45:40,439 - INFO - Result detected: 2000
2025-01-03 18:45:40,439 - INFO - Field SKU processed with result: 2000
2025-01-03 18:45:40,439 - INFO - Successfully sent message to Unity on channel Result
2025-01-03 18:45:51,374 - INFO - Routing message on channel: Question
2025-01-03 18:45:57,085 - INFO - Routing message on channel: ImageStreaming
2025-01-03 18:45:57,117 - INFO - Image saved successfully
2025-01-03 18:45:57,117 - INFO - Image processing completed successfully
2025-01-03 18:45:57,127 - INFO - Processing field: SKU
2025-01-03 18:46:22,332 - INFO - Field SKU processed with result: None
2025-01-03 18:46:22,332 - INFO - No result found for field: SKU
2025-01-03 18:46:22,332 - INFO - Successfully sent message to Unity on channel Error
2025-01-03 18:46:35,377 - INFO - Routing message on channel: Question
2025-01-03 18:46:42,480 - INFO - Routing message on channel: ImageStreaming
2025-01-03 18:46:42,511 - INFO - Image saved successfully
2025-01-03 18:46:42,511 - INFO - Image processing completed successfully
2025-01-03 18:46:42,511 - INFO - Processing field: TYPE OF MILK
2025-01-03 18:46:42,862 - INFO - Milk detection result: None
2025-01-03 18:46:42,862 - INFO - No valid detection result
2025-01-03 18:46:42,862 - INFO - Field TYPE OF MILK processed with result: None
2025-01-03 18:46:42,862 - INFO - No result found for field: TYPE OF MILK
2025-01-03 18:46:42,862 - INFO - Successfully sent message to Unity on channel Error
2025-01-03 18:48:05,069 - INFO - Connection closed.
